{
  "RSpec": {
    "coverage": {
      "/Users/anna/Documents/projects/makers-portfolio/tech-tests/spec/bank_spec.rb": [
        1,
        1,
        null,
        1,
        1,
        1,
        3,
        null,
        null,
        1,
        1,
        null,
        null,
        1,
        1,
        null,
        null,
        1,
        1,
        1,
        null,
        null,
        null,
        1,
        1,
        4,
        null,
        null,
        1,
        1,
        1,
        null,
        null,
        1,
        1,
        1,
        null,
        null,
        1,
        1,
        1,
        1,
        null,
        null,
        1,
        1,
        1,
        1,
        1,
        null,
        null,
        null
      ],
      "/Users/anna/Documents/projects/makers-portfolio/tech-tests/lib/bank.rb": [
        1,
        null,
        1,
        null,
        1,
        null,
        1,
        7,
        7,
        7,
        null,
        null,
        1,
        3,
        3,
        null,
        null,
        1,
        2,
        2,
        null,
        null,
        1,
        1,
        null,
        null,
        1,
        null,
        1,
        12,
        null,
        12,
        null,
        12,
        null,
        12,
        null,
        12,
        null,
        12,
        null,
        null,
        null
      ],
      "/Users/anna/Documents/projects/makers-portfolio/tech-tests/lib/date_helper.rb": [
        1,
        null,
        1,
        null,
        1,
        14,
        14,
        14,
        14,
        14,
        null,
        null,
        null
      ],
      "/Users/anna/Documents/projects/makers-portfolio/tech-tests/spec/date_helper_spec.rb": [
        1,
        1,
        null,
        1,
        1,
        1,
        1,
        null,
        null
      ]
    },
    "timestamp": 1564413485
  }
}
