{
  "RSpec": {
    "coverage": {
      "/Users/anna/Documents/projects/tech-tests/spec/bank_spec.rb": [
        1,
        1,
        null,
        1,
        1,
        1,
        3,
        null,
        null,
        1,
        1,
        null,
        null,
        1,
        1,
        null,
        null,
        1,
        1,
        1,
        null,
        null,
        null,
        1,
        1,
        5,
        5,
        null,
        null,
        1,
        1,
        null,
        null,
        1,
        1,
        1,
        null,
        null,
        1,
        1,
        1,
        null,
        null,
        1,
        1,
        1,
        1,
        1,
        null,
        null,
        1,
        1,
        1,
        1,
        null,
        null,
        null
      ],
      "/Users/anna/Documents/projects/tech-tests/lib/bank.rb": [
        1,
        null,
        1,
        null,
        1,
        null,
        1,
        8,
        8,
        8,
        null,
        null,
        1,
        20,
        null,
        null,
        1,
        4,
        4,
        null,
        null,
        1,
        3,
        3,
        null,
        null,
        1,
        2,
        null,
        null,
        1,
        null,
        1,
        15,
        null,
        15,
        null,
        15,
        null,
        15,
        null,
        15,
        null,
        15,
        null,
        null,
        1,
        27,
        null,
        null,
        null,
        null
      ],
      "/Users/anna/Documents/projects/tech-tests/lib/date_helper.rb": [
        1,
        null,
        1,
        null,
        1,
        22,
        22,
        22,
        22,
        22,
        null,
        null,
        null
      ],
      "/Users/anna/Documents/projects/tech-tests/spec/date_helper_spec.rb": [
        1,
        1,
        null,
        1,
        1,
        1,
        1,
        null,
        null
      ]
    },
    "timestamp": 1564491719
  }
}
